Determining if the pthread_create exist failed with the following output:
Change Dir: /home/summer/robot/roboworkspace/build/CMakeFiles/CMakeTmp

Run Build Command:"/usr/bin/make" "cmTC_82071/fast"
/usr/bin/make -f CMakeFiles/cmTC_82071.dir/build.make CMakeFiles/cmTC_82071.dir/build
make[1]: Entering directory '/home/summer/robot/roboworkspace/build/CMakeFiles/CMakeTmp'
Building C object CMakeFiles/cmTC_82071.dir/CheckSymbolExists.c.o
/usr/bin/cc     -o CMakeFiles/cmTC_82071.dir/CheckSymbolExists.c.o   -c /home/summer/robot/roboworkspace/build/CMakeFiles/CMakeTmp/CheckSymbolExists.c
Linking C executable cmTC_82071
/usr/bin/cmake -E cmake_link_script CMakeFiles/cmTC_82071.dir/link.txt --verbose=1
/usr/bin/cc       CMakeFiles/cmTC_82071.dir/CheckSymbolExists.c.o  -o cmTC_82071 -rdynamic 
CMakeFiles/cmTC_82071.dir/CheckSymbolExists.c.o: In function `main':
CheckSymbolExists.c:(.text+0x16): undefined reference to `pthread_create'
collect2: error: ld returned 1 exit status
CMakeFiles/cmTC_82071.dir/build.make:97: recipe for target 'cmTC_82071' failed
make[1]: *** [cmTC_82071] Error 1
make[1]: Leaving directory '/home/summer/robot/roboworkspace/build/CMakeFiles/CMakeTmp'
Makefile:126: recipe for target 'cmTC_82071/fast' failed
make: *** [cmTC_82071/fast] Error 2

File /home/summer/robot/roboworkspace/build/CMakeFiles/CMakeTmp/CheckSymbolExists.c:
/* */
#include <pthread.h>

int main(int argc, char** argv)
{
  (void)argv;
#ifndef pthread_create
  return ((int*)(&pthread_create))[argc];
#else
  (void)argc;
  return 0;
#endif
}

Determining if the function pthread_create exists in the pthreads failed with the following output:
Change Dir: /home/summer/robot/roboworkspace/build/CMakeFiles/CMakeTmp

Run Build Command:"/usr/bin/make" "cmTC_ecbcc/fast"
/usr/bin/make -f CMakeFiles/cmTC_ecbcc.dir/build.make CMakeFiles/cmTC_ecbcc.dir/build
make[1]: Entering directory '/home/summer/robot/roboworkspace/build/CMakeFiles/CMakeTmp'
Building C object CMakeFiles/cmTC_ecbcc.dir/CheckFunctionExists.c.o
/usr/bin/cc    -DCHECK_FUNCTION_EXISTS=pthread_create   -o CMakeFiles/cmTC_ecbcc.dir/CheckFunctionExists.c.o   -c /usr/share/cmake-3.5/Modules/CheckFunctionExists.c
Linking C executable cmTC_ecbcc
/usr/bin/cmake -E cmake_link_script CMakeFiles/cmTC_ecbcc.dir/link.txt --verbose=1
/usr/bin/cc   -DCHECK_FUNCTION_EXISTS=pthread_create    CMakeFiles/cmTC_ecbcc.dir/CheckFunctionExists.c.o  -o cmTC_ecbcc -rdynamic -lpthreads 
/usr/bin/ld: cannot find -lpthreads
collect2: error: ld returned 1 exit status
CMakeFiles/cmTC_ecbcc.dir/build.make:97: recipe for target 'cmTC_ecbcc' failed
make[1]: *** [cmTC_ecbcc] Error 1
make[1]: Leaving directory '/home/summer/robot/roboworkspace/build/CMakeFiles/CMakeTmp'
Makefile:126: recipe for target 'cmTC_ecbcc/fast' failed
make: *** [cmTC_ecbcc/fast] Error 2


